Using pre-set license
Built from '2021.3/staging' branch; Version is '2021.3.16f1 (4016570cf34f) revision 4200023'; Using compiler version '192829333'; Build Type 'Release'
OS: 'Windows 11  (10.0.22621) 64bit Core' Language: 'en' Physical Memory: 16310 MB
BatchMode: 1, IsHumanControllingUs: 0, StartBugReporterOnCrash: 0, Is64bit: 1, IsPro: 1

COMMAND LINE ARGUMENTS:
C:\Program Files\Unity\Hub\Editor\2021.3.16f1\Editor\Unity.exe
-adb2
-batchMode
-noUpm
-name
AssetImportWorker0
-projectPath
C:/Users/brian/Documents/GitHub/delivery-driver
-logFile
Logs/AssetImportWorker0.log
-srvPort
63825
Successfully changed project path to: C:/Users/brian/Documents/GitHub/delivery-driver
C:/Users/brian/Documents/GitHub/delivery-driver
[UnityMemory] Configuration Parameters - Can be set up in boot.config
    "memorysetup-bucket-allocator-granularity=16"
    "memorysetup-bucket-allocator-bucket-count=8"
    "memorysetup-bucket-allocator-block-size=33554432"
    "memorysetup-bucket-allocator-block-count=8"
    "memorysetup-main-allocator-block-size=16777216"
    "memorysetup-thread-allocator-block-size=16777216"
    "memorysetup-gfx-main-allocator-block-size=16777216"
    "memorysetup-gfx-thread-allocator-block-size=16777216"
    "memorysetup-cache-allocator-block-size=4194304"
    "memorysetup-typetree-allocator-block-size=2097152"
    "memorysetup-profiler-bucket-allocator-granularity=16"
    "memorysetup-profiler-bucket-allocator-bucket-count=8"
    "memorysetup-profiler-bucket-allocator-block-size=33554432"
    "memorysetup-profiler-bucket-allocator-block-count=8"
    "memorysetup-profiler-allocator-block-size=16777216"
    "memorysetup-profiler-editor-allocator-block-size=1048576"
    "memorysetup-temp-allocator-size-main=16777216"
    "memorysetup-job-temp-allocator-block-size=2097152"
    "memorysetup-job-temp-allocator-block-size-background=1048576"
    "memorysetup-job-temp-allocator-reduction-small-platforms=262144"
    "memorysetup-temp-allocator-size-background-worker=32768"
    "memorysetup-temp-allocator-size-job-worker=262144"
    "memorysetup-temp-allocator-size-preload-manager=33554432"
    "memorysetup-temp-allocator-size-nav-mesh-worker=65536"
    "memorysetup-temp-allocator-size-audio-worker=65536"
    "memorysetup-temp-allocator-size-cloud-worker=32768"
    "memorysetup-temp-allocator-size-gi-baking-worker=262144"
    "memorysetup-temp-allocator-size-gfx=262144"
Player connection [17708] Host "[IP] 192.168.0.226 [Port] 0 [Flags] 2 [Guid] 807606929 [EditorId] 807606929 [Version] 1048832 [Id] WindowsEditor(7,DESKTOP-7FL6IR6) [Debug] 1 [PackageName] WindowsEditor [ProjectName] Editor" joined multi-casting on [225.0.0.222:54997]...

Player connection [17708] Host "[IP] 192.168.0.226 [Port] 0 [Flags] 2 [Guid] 807606929 [EditorId] 807606929 [Version] 1048832 [Id] WindowsEditor(7,DESKTOP-7FL6IR6) [Debug] 1 [PackageName] WindowsEditor [ProjectName] Editor" joined alternative multi-casting on [225.0.0.222:34997]...

Refreshing native plugins compatible for Editor in 83.33 ms, found 4 plugins.
Preloading 0 native plugins for Editor in 0.00 ms.
Initialize engine version: 2021.3.16f1 (4016570cf34f)
[Subsystems] Discovering subsystems at path C:/Program Files/Unity/Hub/Editor/2021.3.16f1/Editor/Data/Resources/UnitySubsystems
[Subsystems] Discovering subsystems at path C:/Users/brian/Documents/GitHub/delivery-driver/Assets
GfxDevice: creating device client; threaded=0; jobified=0
Direct3D:
    Version:  Direct3D 11.0 [level 11.1]
    Renderer: AMD Radeon RX 6700 XT (ID=0x73df)
    Vendor:   ATI
    VRAM:     12243 MB
    Driver:   31.0.12027.7000
Initialize mono
Mono path[0] = 'C:/Program Files/Unity/Hub/Editor/2021.3.16f1/Editor/Data/Managed'
Mono path[1] = 'C:/Program Files/Unity/Hub/Editor/2021.3.16f1/Editor/Data/MonoBleedingEdge/lib/mono/unityjit-win32'
Mono config path = 'C:/Program Files/Unity/Hub/Editor/2021.3.16f1/Editor/Data/MonoBleedingEdge/etc'
Using monoOptions --debugger-agent=transport=dt_socket,embedding=1,server=y,suspend=n,address=127.0.0.1:56004
Begin MonoManager ReloadAssembly
Registering precompiled unity dll's ...
Register platform support module: C:/Program Files/Unity/Hub/Editor/2021.3.16f1/Editor/Data/PlaybackEngines/WebGLSupport/UnityEditor.WebGL.Extensions.dll
Register platform support module: C:/Program Files/Unity/Hub/Editor/2021.3.16f1/Editor/Data/PlaybackEngines/WindowsStandaloneSupport/UnityEditor.WindowsStandalone.Extensions.dll
Registered in 0.004372 seconds.
Native extension for WindowsStandalone target not found
Native extension for WebGL target not found
Refreshing native plugins compatible for Editor in 83.83 ms, found 4 plugins.
Preloading 0 native plugins for Editor in 0.00 ms.
Mono: successfully reloaded assembly
- Completed reload, in  0.559 seconds
Domain Reload Profiling:
	ReloadAssembly (560ms)
		BeginReloadAssembly (59ms)
			ExecutionOrderSort (0ms)
			DisableScriptedObjects (0ms)
			BackupInstance (0ms)
			ReleaseScriptingObjects (0ms)
			CreateAndSetChildDomain (1ms)
		EndReloadAssembly (409ms)
			LoadAssemblies (57ms)
			RebuildTransferFunctionScriptingTraits (0ms)
			SetupTypeCache (86ms)
			ReleaseScriptCaches (0ms)
			RebuildScriptCaches (31ms)
			SetupLoadedEditorAssemblies (250ms)
				LogAssemblyErrors (0ms)
				InitializePlatformSupportModulesInManaged (10ms)
				SetLoadedEditorAssemblies (0ms)
				RefreshPlugins (84ms)
				BeforeProcessingInitializeOnLoad (1ms)
				ProcessInitializeOnLoadAttributes (118ms)
				ProcessInitializeOnLoadMethodAttributes (37ms)
				AfterProcessingInitializeOnLoad (0ms)
				EditorAssembliesLoaded (0ms)
			ExecutionOrderSort2 (0ms)
			AwakeInstancesAfterBackupRestoration (0ms)
Platform modules already initialized, skipping
Registering precompiled user dll's ...
Registered in 0.006195 seconds.
Begin MonoManager ReloadAssembly
Symbol file LoadedFromMemory doesn't match image C:\Users\brian\Documents\GitHub\delivery-driver\Library\PackageCache\com.unity.visualscripting@1.7.8\Editor\VisualScripting.Core\Dependencies\YamlDotNet\Unity.VisualScripting.YamlDotNet.dll
Symbol file LoadedFromMemory doesn't match image C:\Users\brian\Documents\GitHub\delivery-driver\Library\PackageCache\com.unity.visualscripting@1.7.8\Editor\VisualScripting.Core\Dependencies\DotNetZip\Unity.VisualScripting.IonicZip.dll
Native extension for WindowsStandalone target not found
Native extension for WebGL target not found
Refreshing native plugins compatible for Editor in 81.22 ms, found 4 plugins.
Preloading 0 native plugins for Editor in 0.00 ms.
Mono: successfully reloaded assembly
- Completed reload, in  0.959 seconds
Domain Reload Profiling:
	ReloadAssembly (960ms)
		BeginReloadAssembly (97ms)
			ExecutionOrderSort (0ms)
			DisableScriptedObjects (5ms)
			BackupInstance (0ms)
			ReleaseScriptingObjects (0ms)
			CreateAndSetChildDomain (17ms)
		EndReloadAssembly (765ms)
			LoadAssemblies (66ms)
			RebuildTransferFunctionScriptingTraits (0ms)
			SetupTypeCache (199ms)
			ReleaseScriptCaches (1ms)
			RebuildScriptCaches (47ms)
			SetupLoadedEditorAssemblies (410ms)
				LogAssemblyErrors (0ms)
				InitializePlatformSupportModulesInManaged (4ms)
				SetLoadedEditorAssemblies (0ms)
				RefreshPlugins (81ms)
				BeforeProcessingInitializeOnLoad (85ms)
				ProcessInitializeOnLoadAttributes (196ms)
				ProcessInitializeOnLoadMethodAttributes (34ms)
				AfterProcessingInitializeOnLoad (8ms)
				EditorAssembliesLoaded (0ms)
			ExecutionOrderSort2 (0ms)
			AwakeInstancesAfterBackupRestoration (5ms)
Platform modules already initialized, skipping
========================================================================
Worker process is ready to serve import requests
Launched and connected shader compiler UnityShaderCompiler.exe after 0.04 seconds
Refreshing native plugins compatible for Editor in 1.47 ms, found 4 plugins.
Preloading 0 native plugins for Editor in 0.00 ms.
Unloading 4047 Unused Serialized files (Serialized files now loaded: 0)
Unloading 38 unused Assets / (56.1 KB). Loaded Objects now: 4503.
Memory consumption went from 150.7 MB to 150.7 MB.
Total: 4.454200 ms (FindLiveObjects: 0.572700 ms CreateObjectMapping: 0.151600 ms MarkObjects: 3.642400 ms  DeleteObjects: 0.086700 ms)

AssetImportParameters requested are different than current active one (requested -> active):
  custom:video-decoder-ogg-theora: a1e56fd34408186e4bbccfd4996cb3dc -> 
  custom:container-muxer-webm: aa71ff27fc2769a1b78a27578f13a17b -> 
  custom:container-demuxer-webm: 4f35f7cbe854078d1ac9338744f61a02 -> 
  custom:video-encoder-webm-vp8: eb34c28f22e8b96e1ab97ce403110664 -> 
  custom:audio-encoder-webm-vorbis: bf7c407c2cedff20999df2af8eb42d56 -> 
  custom:framework-win-MediaFoundation: 216162199b28c13a410421893ffa2e32 -> 
  custom:container-demuxer-ogg: 62fdf1f143b41e24485cea50d1cbac27 -> 
  custom:video-decoder-webm-vp8: 9c59270c3fd7afecdb556c50c9e8de78 -> 
  custom:audio-decoder-ogg-vorbis: bf7c407c2cedff20999df2af8eb42d56 -> 
========================================================================
Received Import Request.
  Time since last request: 43310.738692 seconds.
  path: Assets/Scenes
  artifactKey: Guid(131a6b21c8605f84396be9f6751fb6e3) Importer(815301076,1909f56bfc062723c751e8b465ee728b)
Start importing Assets/Scenes using Guid(131a6b21c8605f84396be9f6751fb6e3) Importer(815301076,1909f56bfc062723c751e8b465ee728b)  -> (artifact id: '4935f35005d3ccd51bf39964504ff1b7') in 0.011059 seconds 
========================================================================
Received Import Request.
  Time since last request: 4.123175 seconds.
  path: Assets/DeliveryDriverAssets
  artifactKey: Guid(aa98775765941824c9ee7a2978ee77c3) Importer(815301076,1909f56bfc062723c751e8b465ee728b)
Start importing Assets/DeliveryDriverAssets using Guid(aa98775765941824c9ee7a2978ee77c3) Importer(815301076,1909f56bfc062723c751e8b465ee728b)  -> (artifact id: '53a3b647bf1a1733badb4efa925c4aa0') in 0.004820 seconds 
========================================================================
Received Import Request.
  Time since last request: 1.592982 seconds.
  path: Assets/DeliveryDriverAssets/Bridge.png
  artifactKey: Guid(9752ff15e4030484489ef1e139e3bf79) Importer(815301076,1909f56bfc062723c751e8b465ee728b)
Start importing Assets/DeliveryDriverAssets/Bridge.png using Guid(9752ff15e4030484489ef1e139e3bf79) Importer(815301076,1909f56bfc062723c751e8b465ee728b)  -> (artifact id: '09d34ddb90edad75013251a27c8b4ba0') in 0.215603 seconds 
========================================================================
Received Import Request.
  Time since last request: 0.000040 seconds.
  path: Assets/DeliveryDriverAssets/Corner 3.png
  artifactKey: Guid(393969e3566b3c94b8c23102b8265ef4) Importer(815301076,1909f56bfc062723c751e8b465ee728b)
Start importing Assets/DeliveryDriverAssets/Corner 3.png using Guid(393969e3566b3c94b8c23102b8265ef4) Importer(815301076,1909f56bfc062723c751e8b465ee728b)  -> (artifact id: '9439a32b460770b66cab751de4e68c5b') in 0.036862 seconds 
========================================================================
Received Import Request.
  Time since last request: 0.000045 seconds.
  path: Assets/DeliveryDriverAssets/Intersection 1.png
  artifactKey: Guid(d69963683e3bff14ebd0c843e3899001) Importer(815301076,1909f56bfc062723c751e8b465ee728b)
Start importing Assets/DeliveryDriverAssets/Intersection 1.png using Guid(d69963683e3bff14ebd0c843e3899001) Importer(815301076,1909f56bfc062723c751e8b465ee728b)  -> (artifact id: '357a7bb9a996bc4c42f2db2d32763e55') in 0.111419 seconds 
========================================================================
Received Import Request.
  Time since last request: 0.000047 seconds.
  path: Assets/DeliveryDriverAssets/House 2.png
  artifactKey: Guid(b87560411eb4a5646a3fadb3a012f956) Importer(815301076,1909f56bfc062723c751e8b465ee728b)
Start importing Assets/DeliveryDriverAssets/House 2.png using Guid(b87560411eb4a5646a3fadb3a012f956) Importer(815301076,1909f56bfc062723c751e8b465ee728b)  -> (artifact id: '11012843761ab3eddf9fa404ed0d88e5') in 0.017145 seconds 
========================================================================
Received Import Request.
  Time since last request: 0.000030 seconds.
  path: Assets/DeliveryDriverAssets/Road 2.png
  artifactKey: Guid(458a8bbd1c92fd3469b4067ed5d221b0) Importer(815301076,1909f56bfc062723c751e8b465ee728b)
Start importing Assets/DeliveryDriverAssets/Road 2.png using Guid(458a8bbd1c92fd3469b4067ed5d221b0) Importer(815301076,1909f56bfc062723c751e8b465ee728b)  -> (artifact id: 'b414e65b5be1dd1fc185ff62bebc5470') in 0.035477 seconds 
========================================================================
Received Import Request.
  Time since last request: 0.000032 seconds.
  path: Assets/DeliveryDriverAssets/Curve 1.png
  artifactKey: Guid(7cb602e7844682a40a8ca1c08c1c7b05) Importer(815301076,1909f56bfc062723c751e8b465ee728b)
Start importing Assets/DeliveryDriverAssets/Curve 1.png using Guid(7cb602e7844682a40a8ca1c08c1c7b05) Importer(815301076,1909f56bfc062723c751e8b465ee728b)  -> (artifact id: 'f2eccacde487feb222932f6aa0108f14') in 0.084892 seconds 
========================================================================
Received Import Request.
  Time since last request: 0.000048 seconds.
  path: Assets/DeliveryDriverAssets/Corner 4.png
  artifactKey: Guid(e371a6cfde4a7e648a7a5f2f52028361) Importer(815301076,1909f56bfc062723c751e8b465ee728b)
Start importing Assets/DeliveryDriverAssets/Corner 4.png using Guid(e371a6cfde4a7e648a7a5f2f52028361) Importer(815301076,1909f56bfc062723c751e8b465ee728b)  -> (artifact id: '2ea0b2126f2ac0179fa91f0999cc5b7a') in 0.069768 seconds 
========================================================================
Received Import Request.
  Time since last request: 0.000044 seconds.
  path: Assets/DeliveryDriverAssets/Tree 4.png
  artifactKey: Guid(5a9f0cc62b23b9345a3169427d610325) Importer(815301076,1909f56bfc062723c751e8b465ee728b)
Start importing Assets/DeliveryDriverAssets/Tree 4.png using Guid(5a9f0cc62b23b9345a3169427d610325) Importer(815301076,1909f56bfc062723c751e8b465ee728b)  -> (artifact id: '2f3293f614a842968b7aed21b7c7485b') in 0.014618 seconds 
========================================================================
Received Import Request.
  Time since last request: 0.000027 seconds.
  path: Assets/DeliveryDriverAssets/Corner 2.png
  artifactKey: Guid(e8f95cd1d5711ea42b3cf59b7cdb9bf5) Importer(815301076,1909f56bfc062723c751e8b465ee728b)
Start importing Assets/DeliveryDriverAssets/Corner 2.png using Guid(e8f95cd1d5711ea42b3cf59b7cdb9bf5) Importer(815301076,1909f56bfc062723c751e8b465ee728b)  -> (artifact id: '65a648bf967299a16776b7b096901ffd') in 0.045696 seconds 
========================================================================
Received Import Request.
  Time since last request: 0.000029 seconds.
  path: Assets/DeliveryDriverAssets/Corner 1.png
  artifactKey: Guid(c4cd7d6b611c73b47a6788bd78756c11) Importer(815301076,1909f56bfc062723c751e8b465ee728b)
Start importing Assets/DeliveryDriverAssets/Corner 1.png using Guid(c4cd7d6b611c73b47a6788bd78756c11) Importer(815301076,1909f56bfc062723c751e8b465ee728b)  -> (artifact id: 'bea7209fd6f42f6cd0bd13c0475469db') in 0.117383 seconds 
Editor requested this worker to shutdown with reason: Scaling down because of idle timeout
AssetImportWorker is now disconnected from the server
Process exiting
Exiting without the bug reporter. Application will terminate with return code 0