Using pre-set license
Built from '2021.2/staging' branch; Version is '2021.2.8f1 (d0e5f0a7b06a) revision 13690352'; Using compiler version '192829333'; Build Type 'Release'
OS: 'Windows 10  (10.0.19042) 64bit Core' Language: 'en' Physical Memory: 16310 MB
BatchMode: 1, IsHumanControllingUs: 0, StartBugReporterOnCrash: 0, Is64bit: 1, IsPro: 0

COMMAND LINE ARGUMENTS:
C:\Program Files\Unity\Hub\Editor\2021.2.8f1\Editor\Unity.exe
-adb2
-batchMode
-noUpm
-name
AssetImportWorker3
-projectPath
C:/Users/brian/Documents/GitHub/delivery-driver
-logFile
Logs/AssetImportWorker3.log
-srvPort
64694
Successfully changed project path to: C:/Users/brian/Documents/GitHub/delivery-driver
C:/Users/brian/Documents/GitHub/delivery-driver
[UnityMemory] Configuration Parameters - Can be set up in boot.config
    "memorysetup-bucket-allocator-granularity=16"
    "memorysetup-bucket-allocator-bucket-count=8"
    "memorysetup-bucket-allocator-block-size=33554432"
    "memorysetup-bucket-allocator-block-count=8"
    "memorysetup-main-allocator-block-size=16777216"
    "memorysetup-thread-allocator-block-size=16777216"
    "memorysetup-gfx-main-allocator-block-size=16777216"
    "memorysetup-gfx-thread-allocator-block-size=16777216"
    "memorysetup-cache-allocator-block-size=4194304"
    "memorysetup-typetree-allocator-block-size=2097152"
    "memorysetup-profiler-bucket-allocator-granularity=16"
    "memorysetup-profiler-bucket-allocator-bucket-count=8"
    "memorysetup-profiler-bucket-allocator-block-size=33554432"
    "memorysetup-profiler-bucket-allocator-block-count=8"
    "memorysetup-profiler-allocator-block-size=16777216"
    "memorysetup-profiler-editor-allocator-block-size=1048576"
    "memorysetup-temp-allocator-size-main=16777216"
    "memorysetup-job-temp-allocator-block-size=2097152"
    "memorysetup-job-temp-allocator-block-size-background=1048576"
    "memorysetup-job-temp-allocator-reduction-small-platforms=262144"
    "memorysetup-temp-allocator-size-background-worker=32768"
    "memorysetup-temp-allocator-size-job-worker=262144"
    "memorysetup-temp-allocator-size-preload-manager=33554432"
    "memorysetup-temp-allocator-size-nav-mesh-worker=65536"
    "memorysetup-temp-allocator-size-audio-worker=65536"
    "memorysetup-temp-allocator-size-cloud-worker=32768"
    "memorysetup-temp-allocator-size-gi-baking-worker=262144"
    "memorysetup-temp-allocator-size-gfx=262144"
Refreshing native plugins compatible for Editor in 92.90 ms, found 4 plugins.
Preloading 0 native plugins for Editor in 0.00 ms.
Initialize engine version: 2021.2.8f1 (d0e5f0a7b06a)
[Subsystems] Discovering subsystems at path C:/Program Files/Unity/Hub/Editor/2021.2.8f1/Editor/Data/Resources/UnitySubsystems
[Subsystems] Discovering subsystems at path C:/Users/brian/Documents/GitHub/delivery-driver/Assets
GfxDevice: creating device client; threaded=0; jobified=0
Direct3D:
    Version:  Direct3D 11.0 [level 11.1]
    Renderer: AMD Radeon RX 6700 XT (ID=0x73df)
    Vendor:   ATI
    VRAM:     12243 MB
    Driver:   30.0.13025.5005
Initialize mono
Mono path[0] = 'C:/Program Files/Unity/Hub/Editor/2021.2.8f1/Editor/Data/Managed'
Mono path[1] = 'C:/Program Files/Unity/Hub/Editor/2021.2.8f1/Editor/Data/MonoBleedingEdge/lib/mono/unityjit-win32'
Mono config path = 'C:/Program Files/Unity/Hub/Editor/2021.2.8f1/Editor/Data/MonoBleedingEdge/etc'
Using monoOptions --debugger-agent=transport=dt_socket,embedding=1,server=y,suspend=n,address=127.0.0.1:56320
Begin MonoManager ReloadAssembly
Registering precompiled unity dll's ...
Register platform support module: C:/Program Files/Unity/Hub/Editor/2021.2.8f1/Editor/Data/PlaybackEngines/WebGLSupport/UnityEditor.WebGL.Extensions.dll
Register platform support module: C:/Program Files/Unity/Hub/Editor/2021.2.8f1/Editor/Data/PlaybackEngines/WindowsStandaloneSupport/UnityEditor.WindowsStandalone.Extensions.dll
Registered in 0.007910 seconds.
Native extension for WindowsStandalone target not found
Native extension for WebGL target not found
Refreshing native plugins compatible for Editor in 95.51 ms, found 4 plugins.
Preloading 0 native plugins for Editor in 0.00 ms.
Mono: successfully reloaded assembly
- Completed reload, in  0.648 seconds
Domain Reload Profiling:
	ReloadAssembly (648ms)
		BeginReloadAssembly (81ms)
			ExecutionOrderSort (0ms)
			DisableScriptedObjects (0ms)
			BackupInstance (0ms)
			ReleaseScriptingObjects (0ms)
			CreateAndSetChildDomain (1ms)
		EndReloadAssembly (474ms)
			LoadAssemblies (77ms)
			RebuildTransferFunctionScriptingTraits (0ms)
			SetupTypeCache (115ms)
			ReleaseScriptCaches (0ms)
			RebuildScriptCaches (30ms)
			SetupLoadedEditorAssemblies (274ms)
				LogAssemblyErrors (0ms)
				InitializePlatformSupportModulesInManaged (18ms)
				SetLoadedEditorAssemblies (0ms)
				RefreshPlugins (96ms)
				BeforeProcessingInitializeOnLoad (1ms)
				ProcessInitializeOnLoadAttributes (122ms)
				ProcessInitializeOnLoadMethodAttributes (37ms)
				AfterProcessingInitializeOnLoad (0ms)
				EditorAssembliesLoaded (0ms)
			ExecutionOrderSort2 (0ms)
			AwakeInstancesAfterBackupRestoration (0ms)
Platform modules already initialized, skipping
Registering precompiled user dll's ...
Registered in 0.007145 seconds.
Begin MonoManager ReloadAssembly
Symbol file LoadedFromMemory doesn't match image C:\Users\brian\Documents\GitHub\delivery-driver\Library\PackageCache\com.unity.visualscripting@1.7.6\Editor\VisualScripting.Core\Dependencies\YamlDotNet\Unity.VisualScripting.YamlDotNet.dll
Symbol file LoadedFromMemory doesn't match image C:\Users\brian\Documents\GitHub\delivery-driver\Library\PackageCache\com.unity.visualscripting@1.7.6\Editor\VisualScripting.Core\Dependencies\DotNetZip\Unity.VisualScripting.IonicZip.dll
Native extension for WindowsStandalone target not found
Native extension for WebGL target not found
Refreshing native plugins compatible for Editor in 80.25 ms, found 4 plugins.
Preloading 0 native plugins for Editor in 0.00 ms.
Mono: successfully reloaded assembly
- Completed reload, in  1.468 seconds
Domain Reload Profiling:
	ReloadAssembly (1469ms)
		BeginReloadAssembly (103ms)
			ExecutionOrderSort (0ms)
			DisableScriptedObjects (5ms)
			BackupInstance (0ms)
			ReleaseScriptingObjects (0ms)
			CreateAndSetChildDomain (21ms)
		EndReloadAssembly (1279ms)
			LoadAssemblies (75ms)
			RebuildTransferFunctionScriptingTraits (0ms)
			SetupTypeCache (215ms)
			ReleaseScriptCaches (1ms)
			RebuildScriptCaches (62ms)
			SetupLoadedEditorAssemblies (879ms)
				LogAssemblyErrors (0ms)
				InitializePlatformSupportModulesInManaged (11ms)
				SetLoadedEditorAssemblies (0ms)
				RefreshPlugins (80ms)
				BeforeProcessingInitializeOnLoad (87ms)
				ProcessInitializeOnLoadAttributes (666ms)
				ProcessInitializeOnLoadMethodAttributes (28ms)
				AfterProcessingInitializeOnLoad (8ms)
				EditorAssembliesLoaded (0ms)
			ExecutionOrderSort2 (0ms)
			AwakeInstancesAfterBackupRestoration (5ms)
Platform modules already initialized, skipping
========================================================================
Worker process is ready to serve import requests
Launched and connected shader compiler UnityShaderCompiler.exe after 0.05 seconds
Refreshing native plugins compatible for Editor in 0.92 ms, found 4 plugins.
Preloading 0 native plugins for Editor in 0.00 ms.
Unloading 3905 Unused Serialized files (Serialized files now loaded: 0)
Unloading 43 unused Assets / (225.3 KB). Loaded Objects now: 4354.
Memory consumption went from 146.8 MB to 146.6 MB.
Total: 4.313000 ms (FindLiveObjects: 0.423800 ms CreateObjectMapping: 0.104500 ms MarkObjects: 3.640900 ms  DeleteObjects: 0.141800 ms)

AssetImportParameters requested are different than current active one (requested -> active):
  custom:video-decoder-ogg-theora: a1e56fd34408186e4bbccfd4996cb3dc -> 
  custom:container-muxer-webm: aa71ff27fc2769a1b78a27578f13a17b -> 
  custom:container-demuxer-webm: 4f35f7cbe854078d1ac9338744f61a02 -> 
  custom:video-encoder-webm-vp8: eb34c28f22e8b96e1ab97ce403110664 -> 
  custom:audio-encoder-webm-vorbis: bf7c407c2cedff20999df2af8eb42d56 -> 
  custom:framework-win-MediaFoundation: 216162199b28c13a410421893ffa2e32 -> 
  custom:container-demuxer-ogg: 62fdf1f143b41e24485cea50d1cbac27 -> 
  custom:video-decoder-webm-vp8: 9c59270c3fd7afecdb556c50c9e8de78 -> 
  custom:audio-decoder-ogg-vorbis: bf7c407c2cedff20999df2af8eb42d56 -> 
========================================================================
Received Import Request.
  Time since last request: 2089164.355386 seconds.
  path: Assets/DeliveryDriverAssets/House 3.png
  artifactKey: Guid(2bc15fba3ae396c4aaaf20b0e23a3e4e) Importer(815301076,1909f56bfc062723c751e8b465ee728b)
Start importing Assets/DeliveryDriverAssets/House 3.png using Guid(2bc15fba3ae396c4aaaf20b0e23a3e4e) Importer(815301076,1909f56bfc062723c751e8b465ee728b)  -> (artifact id: '4700b384d69f8ab30c37e7c33496aed3') in 0.100672 seconds 
========================================================================
Received Import Request.
  Time since last request: 26.085837 seconds.
  path: Assets/DeliveryDriverAssets/Corner 1.png
  artifactKey: Guid(c4cd7d6b611c73b47a6788bd78756c11) Importer(815301076,1909f56bfc062723c751e8b465ee728b)
Start importing Assets/DeliveryDriverAssets/Corner 1.png using Guid(c4cd7d6b611c73b47a6788bd78756c11) Importer(815301076,1909f56bfc062723c751e8b465ee728b)  -> (artifact id: '74704e1bf4e81dc8c59c0b86c49aa47a') in 0.128525 seconds 
========================================================================
Received Import Request.
  Time since last request: 0.000032 seconds.
  path: Assets/DeliveryDriverAssets/Intersection 1.png
  artifactKey: Guid(d69963683e3bff14ebd0c843e3899001) Importer(815301076,1909f56bfc062723c751e8b465ee728b)
Start importing Assets/DeliveryDriverAssets/Intersection 1.png using Guid(d69963683e3bff14ebd0c843e3899001) Importer(815301076,1909f56bfc062723c751e8b465ee728b)  -> (artifact id: '027bc38d7f4fd53c49e8e6fc8af4a984') in 0.121470 seconds 
========================================================================
Received Import Request.
  Time since last request: 0.000025 seconds.
  path: Assets/DeliveryDriverAssets/Road 2.png
  artifactKey: Guid(458a8bbd1c92fd3469b4067ed5d221b0) Importer(815301076,1909f56bfc062723c751e8b465ee728b)
Start importing Assets/DeliveryDriverAssets/Road 2.png using Guid(458a8bbd1c92fd3469b4067ed5d221b0) Importer(815301076,1909f56bfc062723c751e8b465ee728b)  -> (artifact id: '0f53f366e91f3a786b6ebe1639a63edd') in 0.040725 seconds 
========================================================================
Received Import Request.
  Time since last request: 0.000040 seconds.
  path: Assets/DeliveryDriverAssets/Curve 1.png
  artifactKey: Guid(7cb602e7844682a40a8ca1c08c1c7b05) Importer(815301076,1909f56bfc062723c751e8b465ee728b)
Start importing Assets/DeliveryDriverAssets/Curve 1.png using Guid(7cb602e7844682a40a8ca1c08c1c7b05) Importer(815301076,1909f56bfc062723c751e8b465ee728b)  -> (artifact id: '288b0a7df1d1011273318fd87723612b') in 0.082875 seconds 
========================================================================
Received Import Request.
  Time since last request: 0.000036 seconds.
  path: Assets/DeliveryDriverAssets/Corner 4.png
  artifactKey: Guid(e371a6cfde4a7e648a7a5f2f52028361) Importer(815301076,1909f56bfc062723c751e8b465ee728b)
Start importing Assets/DeliveryDriverAssets/Corner 4.png using Guid(e371a6cfde4a7e648a7a5f2f52028361) Importer(815301076,1909f56bfc062723c751e8b465ee728b)  -> (artifact id: '20a79e3555cc7748abd7f71f02523ab8') in 0.069831 seconds 
========================================================================
Received Import Request.
  Time since last request: 0.000025 seconds.
  path: Assets/DeliveryDriverAssets/Intersection 2.png
  artifactKey: Guid(08400c628810ac34a8f63e6727207f78) Importer(815301076,1909f56bfc062723c751e8b465ee728b)
Start importing Assets/DeliveryDriverAssets/Intersection 2.png using Guid(08400c628810ac34a8f63e6727207f78) Importer(815301076,1909f56bfc062723c751e8b465ee728b)  -> (artifact id: 'c924eb48e4ad2e582867e437224b17e5') in 0.183932 seconds 
========================================================================
Received Import Request.
  Time since last request: 28.838630 seconds.
  path: Assets/DeliveryDriverAssets/Tree 3.png
  artifactKey: Guid(b202566a369550f4ead716ab1bd94684) Importer(815301076,1909f56bfc062723c751e8b465ee728b)
Start importing Assets/DeliveryDriverAssets/Tree 3.png using Guid(b202566a369550f4ead716ab1bd94684) Importer(815301076,1909f56bfc062723c751e8b465ee728b)  -> (artifact id: '99e75488a980978801c3899d9d9748f6') in 0.022543 seconds 
